<?xml version="1.0" encoding="UTF-8"?>
<!-- Generated by org.testng.reporters.JUnitXMLReporter -->
<testsuite hostname="PS18-PC0KS3B9" ignored="0" name="Verify_HomePage" tests="1" failures="1" timestamp="2020-06-17T20:26:03 PDT" time="1016.153" errors="0">
  <testcase name="rdpMiniTest" time="1006.152" classname="onlinelease.tests.RDPMiniTest">
    <failure type="org.openqa.selenium.ElementClickInterceptedException" message="element click intercepted: Element &amp;lt;button class=&amp;quot; button viewport-block&amp;quot; data-st=&amp;quot;5269&amp;quot; data-sz=&amp;quot;1329608&amp;quot; data-productid=&amp;quot;168&amp;quot; data-sqft=&amp;quot;20&amp;quot;&amp;gt;...&amp;lt;/button&amp;gt; is not clickable at point (910, 603). Other element would receive the click: &amp;lt;div class=&amp;quot;cookie-banner&amp;quot;&amp;gt;...&amp;lt;/div&amp;gt;
  (Session info: chrome=80.0.3987.87)
Build info: version: &amp;apos;3.141.59&amp;apos;, revision: &amp;apos;e82be7d358&amp;apos;, time: &amp;apos;2018-11-14T08:25:48&amp;apos;
System info: host: &amp;apos;PS18-PC0KS3B9&amp;apos;, ip: &amp;apos;10.140.3.57&amp;apos;, os.name: &amp;apos;Windows 10&amp;apos;, os.arch: &amp;apos;amd64&amp;apos;, os.version: &amp;apos;10.0&amp;apos;, java.version: &amp;apos;1.8.0_191&amp;apos;
Driver info: org.openqa.selenium.chrome.ChromeDriver
Capabilities {acceptInsecureCerts: false, browserName: chrome, browserVersion: 80.0.3987.87, chrome: {chromedriverVersion: 80.0.3987.106 (f68069574609..., userDataDir: C:\Users\smehta\AppData\Loc...}, goog:chromeOptions: {debuggerAddress: localhost:60866}, javascriptEnabled: true, networkConnectionEnabled: false, pageLoadStrategy: normal, platform: WINDOWS, platformName: WINDOWS, proxy: Proxy(), setWindowRect: true, strictFileInteractability: false, timeouts: {implicit: 0, pageLoad: 300000, script: 30000}, unhandledPromptBehavior: dismiss and notify}
Session ID: 0e6c70d39192be86259f9722ee80ad76">
      <![CDATA[org.openqa.selenium.ElementClickInterceptedException: element click intercepted: Element <button class=" button viewport-block" data-st="5269" data-sz="1329608" data-productid="168" data-sqft="20">...</button> is not clickable at point (910, 603). Other element would receive the click: <div class="cookie-banner">...</div>
  (Session info: chrome=80.0.3987.87)
Build info: version: '3.141.59', revision: 'e82be7d358', time: '2018-11-14T08:25:48'
System info: host: 'PS18-PC0KS3B9', ip: '10.140.3.57', os.name: 'Windows 10', os.arch: 'amd64', os.version: '10.0', java.version: '1.8.0_191'
Driver info: org.openqa.selenium.chrome.ChromeDriver
Capabilities {acceptInsecureCerts: false, browserName: chrome, browserVersion: 80.0.3987.87, chrome: {chromedriverVersion: 80.0.3987.106 (f68069574609..., userDataDir: C:\Users\smehta\AppData\Loc...}, goog:chromeOptions: {debuggerAddress: localhost:60866}, javascriptEnabled: true, networkConnectionEnabled: false, pageLoadStrategy: normal, platform: WINDOWS, platformName: WINDOWS, proxy: Proxy(), setWindowRect: true, strictFileInteractability: false, timeouts: {implicit: 0, pageLoad: 300000, script: 30000}, unhandledPromptBehavior: dismiss and notify}
Session ID: 0e6c70d39192be86259f9722ee80ad76
at org.openqa.selenium.remote.http.W3CHttpResponseCodec.createException(W3CHttpResponseCodec.java:187)
at org.openqa.selenium.remote.http.W3CHttpResponseCodec.decode(W3CHttpResponseCodec.java:122)
at org.openqa.selenium.remote.http.W3CHttpResponseCodec.decode(W3CHttpResponseCodec.java:49)
at org.openqa.selenium.remote.HttpCommandExecutor.execute(HttpCommandExecutor.java:158)
at org.openqa.selenium.remote.service.DriverCommandExecutor.execute(DriverCommandExecutor.java:83)
at org.openqa.selenium.remote.RemoteWebDriver.execute(RemoteWebDriver.java:552)
at org.openqa.selenium.remote.RemoteWebElement.execute(RemoteWebElement.java:285)
at org.openqa.selenium.remote.RemoteWebElement.click(RemoteWebElement.java:84)
at org.openqa.selenium.support.pagefactory.internal.LocatingElementHandler.invoke(LocatingElementHandler.java:51)
at com.sun.proxy.$Proxy9.click(Unknown Source)
at onlinelease.pages.RDPMiniPage.rdpMini(RDPMiniPage.java:65)
at onlinelease.tests.RDPMiniTest.rdpMiniTest(RDPMiniTest.java:21)
at java.util.ArrayList.forEach(Unknown Source)
... Removed 35 stack frames]]>
    </failure>
  </testcase> <!-- rdpMiniTest -->
</testsuite> <!-- Verify_HomePage -->
